[0m22:28:24.272667 [debug] [MainThread]: Sending event: {'category': 'dbt', 'action': 'invocation', 'label': 'start', 'context': [<snowplow_tracker.self_describing_json.SelfDescribingJson object at 0x1020b0c50>, <snowplow_tracker.self_describing_json.SelfDescribingJson object at 0x1031ad400>, <snowplow_tracker.self_describing_json.SelfDescribingJson object at 0x1031aecf0>]}


============================== 22:28:24.275687 | 7678b736-543f-405e-93e4-976cfccd252c ==============================
[0m22:28:24.275687 [info ] [MainThread]: Running with dbt=1.8.0
[0m22:28:24.275965 [debug] [MainThread]: running dbt with arguments {'printer_width': '80', 'indirect_selection': 'eager', 'write_json': 'True', 'log_cache_events': 'False', 'partial_parse': 'True', 'cache_selected_only': 'False', 'profiles_dir': '/Users/danielmenna/.dbt', 'version_check': 'True', 'debug': 'False', 'log_path': 'logs', 'warn_error': 'None', 'fail_fast': 'False', 'use_colors': 'True', 'use_experimental_parser': 'False', 'no_print': 'None', 'quiet': 'False', 'warn_error_options': 'WarnErrorOptions(include=[], exclude=[])', 'static_parser': 'True', 'invocation_command': 'dbt debug', 'introspect': 'True', 'target_path': 'None', 'log_format': 'default', 'send_anonymous_usage_stats': 'True'}
[0m22:28:24.299845 [info ] [MainThread]: dbt version: 1.8.0
[0m22:28:24.300068 [info ] [MainThread]: python version: 3.12.4
[0m22:28:24.300196 [info ] [MainThread]: python path: /Users/danielmenna/.pyenv/versions/3.12.4/bin/python
[0m22:28:24.300313 [info ] [MainThread]: os info: macOS-14.6.1-arm64-arm-64bit
[0m22:28:26.044608 [info ] [MainThread]: Using profiles dir at /Users/danielmenna/.dbt
[0m22:28:26.044864 [info ] [MainThread]: Using profiles.yml file at /Users/danielmenna/.dbt/profiles.yml
[0m22:28:26.044999 [info ] [MainThread]: Using dbt_project.yml file at /Users/danielmenna/sandbox/stock-refresh/dbt_project.yml
[0m22:28:26.045535 [info ] [MainThread]: adapter type: postgres
[0m22:28:26.045661 [info ] [MainThread]: adapter version: 1.8.2
[0m22:28:26.045787 [info ] [MainThread]: Configuration:
[0m22:28:26.045898 [info ] [MainThread]:   profiles.yml file [[32mOK found and valid[0m]
[0m22:28:26.046007 [info ] [MainThread]:   dbt_project.yml file [[31mERROR not found[0m]
[0m22:28:26.046115 [info ] [MainThread]: Required dependencies:
[0m22:28:26.046285 [debug] [MainThread]: Executing "git --help"
[0m22:28:26.055777 [debug] [MainThread]: STDOUT: "b"usage: git [-v | --version] [-h | --help] [-C <path>] [-c <name>=<value>]\n           [--exec-path[=<path>]] [--html-path] [--man-path] [--info-path]\n           [-p | --paginate | -P | --no-pager] [--no-replace-objects] [--no-lazy-fetch]\n           [--no-optional-locks] [--no-advice] [--bare] [--git-dir=<path>]\n           [--work-tree=<path>] [--namespace=<name>] [--config-env=<name>=<envvar>]\n           <command> [<args>]\n\nThese are common Git commands used in various situations:\n\nstart a working area (see also: git help tutorial)\n   clone     Clone a repository into a new directory\n   init      Create an empty Git repository or reinitialize an existing one\n\nwork on the current change (see also: git help everyday)\n   add       Add file contents to the index\n   mv        Move or rename a file, a directory, or a symlink\n   restore   Restore working tree files\n   rm        Remove files from the working tree and from the index\n\nexamine the history and state (see also: git help revisions)\n   bisect    Use binary search to find the commit that introduced a bug\n   diff      Show changes between commits, commit and working tree, etc\n   grep      Print lines matching a pattern\n   log       Show commit logs\n   show      Show various types of objects\n   status    Show the working tree status\n\ngrow, mark and tweak your common history\n   branch    List, create, or delete branches\n   commit    Record changes to the repository\n   merge     Join two or more development histories together\n   rebase    Reapply commits on top of another base tip\n   reset     Reset current HEAD to the specified state\n   switch    Switch branches\n   tag       Create, list, delete or verify a tag object signed with GPG\n\ncollaborate (see also: git help workflows)\n   fetch     Download objects and refs from another repository\n   pull      Fetch from and integrate with another repository or a local branch\n   push      Update remote refs along with associated objects\n\n'git help -a' and 'git help -g' list available subcommands and some\nconcept guides. See 'git help <command>' or 'git help <concept>'\nto read about a specific subcommand or concept.\nSee 'git help git' for an overview of the system.\n""
[0m22:28:26.056181 [debug] [MainThread]: STDERR: "b''"
[0m22:28:26.056326 [info ] [MainThread]:  - git [[32mOK found[0m]

[0m22:28:26.056455 [info ] [MainThread]: Connection:
[0m22:28:26.056584 [info ] [MainThread]:   host: localhost
[0m22:28:26.056695 [info ] [MainThread]:   port: 5432
[0m22:28:26.056802 [info ] [MainThread]:   user: postgres
[0m22:28:26.056905 [info ] [MainThread]:   database: northwind
[0m22:28:26.057007 [info ] [MainThread]:   schema: public
[0m22:28:26.057112 [info ] [MainThread]:   connect_timeout: 10
[0m22:28:26.057219 [info ] [MainThread]:   role: None
[0m22:28:26.057320 [info ] [MainThread]:   search_path: None
[0m22:28:26.057422 [info ] [MainThread]:   keepalives_idle: 0
[0m22:28:26.057526 [info ] [MainThread]:   sslmode: None
[0m22:28:26.057628 [info ] [MainThread]:   sslcert: None
[0m22:28:26.057731 [info ] [MainThread]:   sslkey: None
[0m22:28:26.057835 [info ] [MainThread]:   sslrootcert: None
[0m22:28:26.057937 [info ] [MainThread]:   application_name: dbt
[0m22:28:26.058038 [info ] [MainThread]:   retries: 1
[0m22:28:26.058418 [info ] [MainThread]: Registered adapter: postgres=1.8.2
[0m22:28:26.062793 [debug] [MainThread]: Acquiring new postgres connection 'debug'
[0m22:28:26.175341 [debug] [MainThread]: Using postgres connection "debug"
[0m22:28:26.175572 [debug] [MainThread]: On debug: select 1 as id
[0m22:28:26.175707 [debug] [MainThread]: Opening a new connection, currently in state init
[0m22:28:26.291241 [debug] [MainThread]: Postgres adapter: Got a retryable error when attempting to open a postgres connection.
1 attempts remaining. Retrying in 0 seconds.
Error:
connection to server at "localhost" (::1), port 5432 failed: FATAL:  database "northwind" does not exist

[0m22:28:26.297018 [debug] [MainThread]: Postgres adapter: Error running SQL: select 1 as id
[0m22:28:26.297216 [debug] [MainThread]: Postgres adapter: Rolling back transaction.
[0m22:28:26.297376 [debug] [MainThread]: On debug: No close available on handle
[0m22:28:26.297527 [info ] [MainThread]:   Connection test: [[31mERROR[0m]

[0m22:28:26.297729 [info ] [MainThread]: [31m2 checks failed:[0m
[0m22:28:26.297855 [info ] [MainThread]: Project loading failed for the following reason:
 project path </Users/danielmenna/sandbox/stock-refresh/dbt_project.yml> not found

[0m22:28:26.297978 [info ] [MainThread]: dbt was unable to connect to the specified database.
The database returned the following error:

  >Database Error
  connection to server at "localhost" (::1), port 5432 failed: FATAL:  database "northwind" does not exist
  

Check your database credentials and try again. For more information, visit:
https://docs.getdbt.com/docs/configure-your-profile


[0m22:28:26.299934 [debug] [MainThread]: Resource report: {"command_name": "debug", "command_wall_clock_time": 2.0613782, "process_user_time": 0.624254, "process_kernel_time": 0.138174, "process_mem_max_rss": "108314624", "command_success": false, "process_in_blocks": "0", "process_out_blocks": "0"}
[0m22:28:26.300225 [debug] [MainThread]: Command `dbt debug` failed at 22:28:26.300177 after 2.06 seconds
[0m22:28:26.300406 [debug] [MainThread]: Connection 'debug' was properly closed.
[0m22:28:26.300561 [debug] [MainThread]: Sending event: {'category': 'dbt', 'action': 'invocation', 'label': 'end', 'context': [<snowplow_tracker.self_describing_json.SelfDescribingJson object at 0x1045bdeb0>, <snowplow_tracker.self_describing_json.SelfDescribingJson object at 0x104e00bf0>, <snowplow_tracker.self_describing_json.SelfDescribingJson object at 0x103b8e9f0>]}
[0m22:28:26.300756 [debug] [MainThread]: Flushing usage events
[0m22:28:47.261871 [debug] [MainThread]: Sending event: {'category': 'dbt', 'action': 'invocation', 'label': 'start', 'context': [<snowplow_tracker.self_describing_json.SelfDescribingJson object at 0x105a8cda0>, <snowplow_tracker.self_describing_json.SelfDescribingJson object at 0x104fde7e0>, <snowplow_tracker.self_describing_json.SelfDescribingJson object at 0x104fdc590>]}


============================== 22:28:47.265796 | df927284-718c-4419-ba35-9ce0484f97d2 ==============================
[0m22:28:47.265796 [info ] [MainThread]: Running with dbt=1.8.0
[0m22:28:47.266073 [debug] [MainThread]: running dbt with arguments {'printer_width': '80', 'indirect_selection': 'eager', 'write_json': 'True', 'log_cache_events': 'False', 'partial_parse': 'True', 'cache_selected_only': 'False', 'warn_error': 'None', 'version_check': 'True', 'fail_fast': 'False', 'log_path': 'logs', 'profiles_dir': '/Users/danielmenna/.dbt', 'debug': 'False', 'use_colors': 'True', 'use_experimental_parser': 'False', 'no_print': 'None', 'quiet': 'False', 'log_format': 'default', 'introspect': 'True', 'invocation_command': 'dbt run', 'static_parser': 'True', 'target_path': 'None', 'warn_error_options': 'WarnErrorOptions(include=[], exclude=[])', 'send_anonymous_usage_stats': 'True'}
[0m22:28:47.266312 [error] [MainThread]: Encountered an error:
Runtime Error
  No dbt_project.yml found at expected path /Users/danielmenna/sandbox/stock-refresh/dbt_project.yml
  Verify that each entry within packages.yml (and their transitive dependencies) contains a file named dbt_project.yml
  
[0m22:28:47.269024 [debug] [MainThread]: Resource report: {"command_name": "run", "command_wall_clock_time": 0.046186417, "process_user_time": 0.625067, "process_kernel_time": 0.134344, "process_mem_max_rss": "91389952", "command_success": false, "process_in_blocks": "0", "process_out_blocks": "0"}
[0m22:28:47.269303 [debug] [MainThread]: Command `dbt run` failed at 22:28:47.269255 after 0.05 seconds
[0m22:28:47.269471 [debug] [MainThread]: Sending event: {'category': 'dbt', 'action': 'invocation', 'label': 'end', 'context': [<snowplow_tracker.self_describing_json.SelfDescribingJson object at 0x105becc20>, <snowplow_tracker.self_describing_json.SelfDescribingJson object at 0x105a8ce30>, <snowplow_tracker.self_describing_json.SelfDescribingJson object at 0x105a8cda0>]}
[0m22:28:47.269618 [debug] [MainThread]: Flushing usage events
